# JRE version: OpenJDK Runtime Environment Temurin-17.0.7+7 (17.0.7+7) (build 17.0.7+7)
# Java VM: OpenJDK 64-Bit Server VM Temurin-17.0.7+7 (17.0.7+7, mixed mode, sharing, tiered, compressed oops, compressed class ptrs, g1 gc, windows-amd64)
GC Precious Log:
 CPUs: 8 total, 8 available
 Memory: 12037M
 Large Page Support: Disabled
 NUMA Support: Disabled
 Compressed Oops: Enabled (Zero based)
 Heap Region Size: 2M
 Heap Min Capacity: 512M
 Heap Initial Capacity: 512M
 Heap Max Capacity: 4072M
 Pre-touch: Disabled
 Parallel Workers: 8
 Concurrent Workers: 2
 Concurrent Refinement Workers: 8
 Periodic GC: Disabled
 String Deduplication is enabled
Heap:
 garbage-first heap   total 524288K, used 135075K [0x0000000701800000, 0x0000000800000000)
  region size 2048K, 8 young (16384K), 3 survivors (6144K)
 Metaspace       used 100449K, committed 101120K, reserved 1179648K
  class space    used 14095K, committed 14400K, reserved 1048576K
GC Heap History (20 events):
Event: 4088.788 GC heap before
{Heap before GC invocations=363 (full 162):
 garbage-first heap   total 524288K, used 201255K [0x0000000701800000, 0x0000000800000000)
  region size 2048K, 40 young (81920K), 3 survivors (6144K)
 Metaspace       used 100312K, committed 100928K, reserved 1179648K
  class space    used 14092K, committed 14400K, reserved 1048576K
}
Event: 4088.794 GC heap after
{Heap after GC invocations=364 (full 162):
 garbage-first heap   total 524288K, used 126401K [0x0000000701800000, 0x0000000800000000)
  region size 2048K, 3 young (6144K), 3 survivors (6144K)
 Metaspace       used 100312K, committed 100928K, reserved 1179648K
  class space    used 14092K, committed 14400K, reserved 1048576K
}
Event: 4119.016 GC heap before
{Heap before GC invocations=364 (full 162):
 garbage-first heap   total 524288K, used 202177K [0x0000000701800000, 0x0000000800000000)
  region size 2048K, 40 young (81920K), 3 survivors (6144K)
 Metaspace       used 100326K, committed 100928K, reserved 1179648K
  class space    used 14092K, committed 14400K, reserved 1048576K
}
Event: 4119.021 GC heap after
{Heap after GC invocations=365 (full 162):
 garbage-first heap   total 524288K, used 126729K [0x0000000701800000, 0x0000000800000000)
  region size 2048K, 3 young (6144K), 3 survivors (6144K)
 Metaspace       used 100326K, committed 100928K, reserved 1179648K
  class space    used 14092K, committed 14400K, reserved 1048576K
}
Event: 4120.744 GC heap before
{Heap before GC invocations=365 (full 162):
 garbage-first heap   total 524288K, used 202505K [0x0000000701800000, 0x0000000800000000)
  region size 2048K, 40 young (81920K), 3 survivors (6144K)
 Metaspace       used 100328K, committed 100928K, reserved 1179648K
  class space    used 14092K, committed 14400K, reserved 1048576K
}
Event: 4120.750 GC heap after
{Heap after GC invocations=366 (full 162):
 garbage-first heap   total 524288K, used 126450K [0x0000000701800000, 0x0000000800000000)
  region size 2048K, 3 young (6144K), 3 survivors (6144K)
 Metaspace       used 100328K, committed 100928K, reserved 1179648K
  class space    used 14092K, committed 14400K, reserved 1048576K
}
Event: 4120.902 GC heap before
{Heap before GC invocations=366 (full 162):
 garbage-first heap   total 524288K, used 202226K [0x0000000701800000, 0x0000000800000000)
  region size 2048K, 40 young (81920K), 3 survivors (6144K)
 Metaspace       used 100328K, committed 100928K, reserved 1179648K
  class space    used 14092K, committed 14400K, reserved 1048576K
}
Event: 4120.907 GC heap after
{Heap after GC invocations=367 (full 162):
 garbage-first heap   total 524288K, used 126070K [0x0000000701800000, 0x0000000800000000)
  region size 2048K, 3 young (6144K), 3 survivors (6144K)
 Metaspace       used 100328K, committed 100928K, reserved 1179648K
  class space    used 14092K, committed 14400K, reserved 1048576K
}
Event: 4121.058 GC heap before
{Heap before GC invocations=367 (full 162):
 garbage-first heap   total 524288K, used 201846K [0x0000000701800000, 0x0000000800000000)
  region size 2048K, 40 young (81920K), 3 survivors (6144K)
 Metaspace       used 100328K, committed 100928K, reserved 1179648K
  class space    used 14092K, committed 14400K, reserved 1048576K
}
Event: 4121.063 GC heap after
{Heap after GC invocations=368 (full 162):
 garbage-first heap   total 524288K, used 126079K [0x0000000701800000, 0x0000000800000000)
  region size 2048K, 3 young (6144K), 3 survivors (6144K)
 Metaspace       used 100328K, committed 100928K, reserved 1179648K
  class space    used 14092K, committed 14400K, reserved 1048576K
}
Event: 4140.946 GC heap before
{Heap before GC invocations=368 (full 162):
 garbage-first heap   total 524288K, used 201855K [0x0000000701800000, 0x0000000800000000)
  region size 2048K, 40 young (81920K), 3 survivors (6144K)
 Metaspace       used 100348K, committed 100992K, reserved 1179648K
  class space    used 14092K, committed 14400K, reserved 1048576K
}
Event: 4140.953 GC heap after
{Heap after GC invocations=369 (full 162):
 garbage-first heap   total 524288K, used 126508K [0x0000000701800000, 0x0000000800000000)
  region size 2048K, 3 young (6144K), 3 survivors (6144K)
 Metaspace       used 100348K, committed 100992K, reserved 1179648K
  class space    used 14092K, committed 14400K, reserved 1048576K
}
Event: 4165.002 GC heap before
{Heap before GC invocations=369 (full 162):
 garbage-first heap   total 524288K, used 202284K [0x0000000701800000, 0x0000000800000000)
  region size 2048K, 40 young (81920K), 3 survivors (6144K)
 Metaspace       used 100374K, committed 101056K, reserved 1179648K
  class space    used 14092K, committed 14400K, reserved 1048576K
}
Event: 4165.007 GC heap after
{Heap after GC invocations=370 (full 162):
 garbage-first heap   total 524288K, used 126660K [0x0000000701800000, 0x0000000800000000)
  region size 2048K, 3 young (6144K), 3 survivors (6144K)
 Metaspace       used 100374K, committed 101056K, reserved 1179648K
  class space    used 14092K, committed 14400K, reserved 1048576K
}
Event: 4167.038 GC heap before
{Heap before GC invocations=370 (full 162):
 garbage-first heap   total 524288K, used 202436K [0x0000000701800000, 0x0000000800000000)
  region size 2048K, 40 young (81920K), 3 survivors (6144K)
 Metaspace       used 100380K, committed 101056K, reserved 1179648K
  class space    used 14092K, committed 14400K, reserved 1048576K
}
Event: 4167.044 GC heap after
{Heap after GC invocations=371 (full 162):
 garbage-first heap   total 524288K, used 126934K [0x0000000701800000, 0x0000000800000000)
  region size 2048K, 3 young (6144K), 3 survivors (6144K)
 Metaspace       used 100380K, committed 101056K, reserved 1179648K
  class space    used 14092K, committed 14400K, reserved 1048576K
}
Event: 4176.411 GC heap before
{Heap before GC invocations=371 (full 162):
 garbage-first heap   total 524288K, used 202710K [0x0000000701800000, 0x0000000800000000)
  region size 2048K, 40 young (81920K), 3 survivors (6144K)
 Metaspace       used 100395K, committed 101056K, reserved 1179648K
  class space    used 14092K, committed 14400K, reserved 1048576K
}
Event: 4176.417 GC heap after
{Heap after GC invocations=372 (full 162):
 garbage-first heap   total 524288K, used 126557K [0x0000000701800000, 0x0000000800000000)
  region size 2048K, 3 young (6144K), 3 survivors (6144K)
 Metaspace       used 100395K, committed 101056K, reserved 1179648K
  class space    used 14092K, committed 14400K, reserved 1048576K
}
Event: 4187.575 GC heap before
{Heap before GC invocations=372 (full 162):
 garbage-first heap   total 524288K, used 202333K [0x0000000701800000, 0x0000000800000000)
  region size 2048K, 40 young (81920K), 3 survivors (6144K)
 Metaspace       used 100408K, committed 101120K, reserved 1179648K
  class space    used 14094K, committed 14400K, reserved 1048576K
}
Event: 4187.581 GC heap after
{Heap after GC invocations=373 (full 162):
 garbage-first heap   total 524288K, used 126883K [0x0000000701800000, 0x0000000800000000)
  region size 2048K, 3 young (6144K), 3 survivors (6144K)
 Metaspace       used 100408K, committed 101120K, reserved 1179648K
  class space    used 14094K, committed 14400K, reserved 1048576K
}

