# JRE version: OpenJDK Runtime Environment Temurin-17.0.7+7 (17.0.7+7) (build 17.0.7+7)
# Java VM: OpenJDK 64-Bit Server VM Temurin-17.0.7+7 (17.0.7+7, mixed mode, sharing, tiered, compressed oops, compressed class ptrs, g1 gc, windows-amd64)
GC Precious Log:
 CPUs: 8 total, 8 available
 Memory: 12037M
 Large Page Support: Disabled
 NUMA Support: Disabled
 Compressed Oops: Enabled (Zero based)
 Heap Region Size: 2M
 Heap Min Capacity: 512M
 Heap Initial Capacity: 512M
 Heap Max Capacity: 4072M
 Pre-touch: Disabled
 Parallel Workers: 8
 Concurrent Workers: 2
 Concurrent Refinement Workers: 8
 Periodic GC: Disabled
 String Deduplication is enabled
Heap:
 garbage-first heap   total 524288K, used 194072K [0x0000000701800000, 0x0000000800000000)
  region size 2048K, 12 young (24576K), 1 survivors (2048K)
 Metaspace       used 108147K, committed 108928K, reserved 1179648K
  class space    used 15016K, committed 15424K, reserved 1048576K
GC Heap History (20 events):
Event: 33578.116 GC heap before
{Heap before GC invocations=619 (full 206):
 garbage-first heap   total 524288K, used 241899K [0x0000000701800000, 0x0000000800000000)
  region size 2048K, 40 young (81920K), 3 survivors (6144K)
 Metaspace       used 108057K, committed 108928K, reserved 1179648K
  class space    used 15005K, committed 15424K, reserved 1048576K
}
Event: 33578.121 GC heap after
{Heap after GC invocations=620 (full 206):
 garbage-first heap   total 524288K, used 166943K [0x0000000701800000, 0x0000000800000000)
  region size 2048K, 3 young (6144K), 3 survivors (6144K)
 Metaspace       used 108057K, committed 108928K, reserved 1179648K
  class space    used 15005K, committed 15424K, reserved 1048576K
}
Event: 33579.326 GC heap before
{Heap before GC invocations=620 (full 206):
 garbage-first heap   total 524288K, used 242719K [0x0000000701800000, 0x0000000800000000)
  region size 2048K, 40 young (81920K), 3 survivors (6144K)
 Metaspace       used 108121K, committed 108928K, reserved 1179648K
  class space    used 15016K, committed 15424K, reserved 1048576K
}
Event: 33579.332 GC heap after
{Heap after GC invocations=621 (full 206):
 garbage-first heap   total 524288K, used 170529K [0x0000000701800000, 0x0000000800000000)
  region size 2048K, 5 young (10240K), 5 survivors (10240K)
 Metaspace       used 108121K, committed 108928K, reserved 1179648K
  class space    used 15016K, committed 15424K, reserved 1048576K
}
Event: 33608.840 GC heap before
{Heap before GC invocations=621 (full 206):
 garbage-first heap   total 524288K, used 240161K [0x0000000701800000, 0x0000000800000000)
  region size 2048K, 40 young (81920K), 5 survivors (10240K)
 Metaspace       used 108121K, committed 108928K, reserved 1179648K
  class space    used 15016K, committed 15424K, reserved 1048576K
}
Event: 33608.845 GC heap after
{Heap after GC invocations=622 (full 206):
 garbage-first heap   total 524288K, used 170622K [0x0000000701800000, 0x0000000800000000)
  region size 2048K, 3 young (6144K), 3 survivors (6144K)
 Metaspace       used 108121K, committed 108928K, reserved 1179648K
  class space    used 15016K, committed 15424K, reserved 1048576K
}
Event: 33614.829 GC heap before
{Heap before GC invocations=622 (full 206):
 garbage-first heap   total 524288K, used 246398K [0x0000000701800000, 0x0000000800000000)
  region size 2048K, 40 young (81920K), 3 survivors (6144K)
 Metaspace       used 108122K, committed 108928K, reserved 1179648K
  class space    used 15016K, committed 15424K, reserved 1048576K
}
Event: 33614.832 GC heap after
{Heap after GC invocations=623 (full 206):
 garbage-first heap   total 524288K, used 170625K [0x0000000701800000, 0x0000000800000000)
  region size 2048K, 3 young (6144K), 3 survivors (6144K)
 Metaspace       used 108122K, committed 108928K, reserved 1179648K
  class space    used 15016K, committed 15424K, reserved 1048576K
}
Event: 33639.989 GC heap before
{Heap before GC invocations=623 (full 206):
 garbage-first heap   total 524288K, used 248449K [0x0000000701800000, 0x0000000800000000)
  region size 2048K, 40 young (81920K), 3 survivors (6144K)
 Metaspace       used 108124K, committed 108928K, reserved 1179648K
  class space    used 15016K, committed 15424K, reserved 1048576K
}
Event: 33639.993 GC heap after
{Heap after GC invocations=624 (full 206):
 garbage-first heap   total 524288K, used 173410K [0x0000000701800000, 0x0000000800000000)
  region size 2048K, 3 young (6144K), 3 survivors (6144K)
 Metaspace       used 108124K, committed 108928K, reserved 1179648K
  class space    used 15016K, committed 15424K, reserved 1048576K
}
Event: 33652.551 GC heap before
{Heap before GC invocations=624 (full 206):
 garbage-first heap   total 524288K, used 249186K [0x0000000701800000, 0x0000000800000000)
  region size 2048K, 40 young (81920K), 3 survivors (6144K)
 Metaspace       used 108129K, committed 108928K, reserved 1179648K
  class space    used 15016K, committed 15424K, reserved 1048576K
}
Event: 33652.554 GC heap after
{Heap after GC invocations=625 (full 206):
 garbage-first heap   total 524288K, used 173192K [0x0000000701800000, 0x0000000800000000)
  region size 2048K, 3 young (6144K), 3 survivors (6144K)
 Metaspace       used 108129K, committed 108928K, reserved 1179648K
  class space    used 15016K, committed 15424K, reserved 1048576K
}
Event: 33664.599 GC heap before
{Heap before GC invocations=625 (full 206):
 garbage-first heap   total 524288K, used 248968K [0x0000000701800000, 0x0000000800000000)
  region size 2048K, 40 young (81920K), 3 survivors (6144K)
 Metaspace       used 108130K, committed 108928K, reserved 1179648K
  class space    used 15016K, committed 15424K, reserved 1048576K
}
Event: 33664.602 GC heap after
{Heap after GC invocations=626 (full 206):
 garbage-first heap   total 524288K, used 173653K [0x0000000701800000, 0x0000000800000000)
  region size 2048K, 3 young (6144K), 3 survivors (6144K)
 Metaspace       used 108130K, committed 108928K, reserved 1179648K
  class space    used 15016K, committed 15424K, reserved 1048576K
}
Event: 33666.372 GC heap before
{Heap before GC invocations=626 (full 206):
 garbage-first heap   total 524288K, used 249429K [0x0000000701800000, 0x0000000800000000)
  region size 2048K, 40 young (81920K), 3 survivors (6144K)
 Metaspace       used 108134K, committed 108928K, reserved 1179648K
  class space    used 15016K, committed 15424K, reserved 1048576K
}
Event: 33666.376 GC heap after
{Heap after GC invocations=627 (full 206):
 garbage-first heap   total 524288K, used 173710K [0x0000000701800000, 0x0000000800000000)
  region size 2048K, 3 young (6144K), 3 survivors (6144K)
 Metaspace       used 108134K, committed 108928K, reserved 1179648K
  class space    used 15016K, committed 15424K, reserved 1048576K
}
Event: 33666.940 GC heap before
{Heap before GC invocations=627 (full 206):
 garbage-first heap   total 524288K, used 249486K [0x0000000701800000, 0x0000000800000000)
  region size 2048K, 40 young (81920K), 3 survivors (6144K)
 Metaspace       used 108134K, committed 108928K, reserved 1179648K
  class space    used 15016K, committed 15424K, reserved 1048576K
}
Event: 33666.944 GC heap after
{Heap after GC invocations=628 (full 206):
 garbage-first heap   total 524288K, used 173506K [0x0000000701800000, 0x0000000800000000)
  region size 2048K, 1 young (2048K), 1 survivors (2048K)
 Metaspace       used 108134K, committed 108928K, reserved 1179648K
  class space    used 15016K, committed 15424K, reserved 1048576K
}
Event: 33669.288 GC heap before
{Heap before GC invocations=628 (full 206):
 garbage-first heap   total 524288K, used 253378K [0x0000000701800000, 0x0000000800000000)
  region size 2048K, 40 young (81920K), 1 survivors (2048K)
 Metaspace       used 108140K, committed 108928K, reserved 1179648K
  class space    used 15016K, committed 15424K, reserved 1048576K
}
Event: 33669.291 GC heap after
{Heap after GC invocations=629 (full 206):
 garbage-first heap   total 524288K, used 173592K [0x0000000701800000, 0x0000000800000000)
  region size 2048K, 1 young (2048K), 1 survivors (2048K)
 Metaspace       used 108140K, committed 108928K, reserved 1179648K
  class space    used 15016K, committed 15424K, reserved 1048576K
}

