# JRE version: OpenJDK Runtime Environment Temurin-17.0.7+7 (17.0.7+7) (build 17.0.7+7)
# Java VM: OpenJDK 64-Bit Server VM Temurin-17.0.7+7 (17.0.7+7, mixed mode, sharing, tiered, compressed oops, compressed class ptrs, g1 gc, windows-amd64)
GC Precious Log:
 CPUs: 8 total, 8 available
 Memory: 12037M
 Large Page Support: Disabled
 NUMA Support: Disabled
 Compressed Oops: Enabled (Zero based)
 Heap Region Size: 2M
 Heap Min Capacity: 512M
 Heap Initial Capacity: 512M
 Heap Max Capacity: 4072M
 Pre-touch: Disabled
 Parallel Workers: 8
 Concurrent Workers: 2
 Concurrent Refinement Workers: 8
 Periodic GC: Disabled
 String Deduplication is enabled
Heap:
 garbage-first heap   total 524288K, used 163389K [0x0000000701800000, 0x0000000800000000)
  region size 2048K, 27 young (55296K), 3 survivors (6144K)
 Metaspace       used 110470K, committed 111296K, reserved 1179648K
  class space    used 16117K, committed 16512K, reserved 1048576K
GC Heap History (20 events):
Event: 1802.796 GC heap before
{Heap before GC invocations=260 (full 97):
 garbage-first heap   total 546816K, used 239936K [0x0000000701800000, 0x0000000800000000)
  region size 2048K, 40 young (81920K), 1 survivors (2048K)
 Metaspace       used 110249K, committed 111104K, reserved 1179648K
  class space    used 16096K, committed 16512K, reserved 1048576K
}
Event: 1802.801 GC heap after
{Heap after GC invocations=261 (full 97):
 garbage-first heap   total 546816K, used 160067K [0x0000000701800000, 0x0000000800000000)
  region size 2048K, 1 young (2048K), 1 survivors (2048K)
 Metaspace       used 110249K, committed 111104K, reserved 1179648K
  class space    used 16096K, committed 16512K, reserved 1048576K
}
Event: 1849.684 GC heap before
{Heap before GC invocations=261 (full 97):
 garbage-first heap   total 546816K, used 239939K [0x0000000701800000, 0x0000000800000000)
  region size 2048K, 41 young (83968K), 1 survivors (2048K)
 Metaspace       used 110250K, committed 111104K, reserved 1179648K
  class space    used 16096K, committed 16512K, reserved 1048576K
}
Event: 1849.690 GC heap after
{Heap after GC invocations=262 (full 97):
 garbage-first heap   total 546816K, used 160079K [0x0000000701800000, 0x0000000800000000)
  region size 2048K, 1 young (2048K), 1 survivors (2048K)
 Metaspace       used 110250K, committed 111104K, reserved 1179648K
  class space    used 16096K, committed 16512K, reserved 1048576K
}
Event: 1957.148 GC heap before
{Heap before GC invocations=262 (full 97):
 garbage-first heap   total 546816K, used 239951K [0x0000000701800000, 0x0000000800000000)
  region size 2048K, 40 young (81920K), 1 survivors (2048K)
 Metaspace       used 110250K, committed 111104K, reserved 1179648K
  class space    used 16096K, committed 16512K, reserved 1048576K
}
Event: 1957.159 GC heap after
{Heap after GC invocations=263 (full 97):
 garbage-first heap   total 546816K, used 160132K [0x0000000701800000, 0x0000000800000000)
  region size 2048K, 1 young (2048K), 1 survivors (2048K)
 Metaspace       used 110250K, committed 111104K, reserved 1179648K
  class space    used 16096K, committed 16512K, reserved 1048576K
}
Event: 1999.959 GC heap before
{Heap before GC invocations=263 (full 97):
 garbage-first heap   total 546816K, used 240004K [0x0000000701800000, 0x0000000800000000)
  region size 2048K, 40 young (81920K), 1 survivors (2048K)
 Metaspace       used 110251K, committed 111104K, reserved 1179648K
  class space    used 16096K, committed 16512K, reserved 1048576K
}
Event: 1999.964 GC heap after
{Heap after GC invocations=264 (full 97):
 garbage-first heap   total 546816K, used 160117K [0x0000000701800000, 0x0000000800000000)
  region size 2048K, 1 young (2048K), 1 survivors (2048K)
 Metaspace       used 110251K, committed 111104K, reserved 1179648K
  class space    used 16096K, committed 16512K, reserved 1048576K
}
Event: 2102.923 GC heap before
{Heap before GC invocations=264 (full 97):
 garbage-first heap   total 546816K, used 239989K [0x0000000701800000, 0x0000000800000000)
  region size 2048K, 40 young (81920K), 1 survivors (2048K)
 Metaspace       used 110253K, committed 111104K, reserved 1179648K
  class space    used 16096K, committed 16512K, reserved 1048576K
}
Event: 2102.935 GC heap after
{Heap after GC invocations=265 (full 97):
 garbage-first heap   total 546816K, used 160117K [0x0000000701800000, 0x0000000800000000)
  region size 2048K, 1 young (2048K), 1 survivors (2048K)
 Metaspace       used 110253K, committed 111104K, reserved 1179648K
  class space    used 16096K, committed 16512K, reserved 1048576K
}
Event: 2127.349 GC heap before
{Heap before GC invocations=265 (full 97):
 garbage-first heap   total 546816K, used 223605K [0x0000000701800000, 0x0000000800000000)
  region size 2048K, 34 young (69632K), 1 survivors (2048K)
 Metaspace       used 110280K, committed 111104K, reserved 1179648K
  class space    used 16096K, committed 16512K, reserved 1048576K
}
Event: 2127.451 GC heap after
{Heap after GC invocations=266 (full 98):
 garbage-first heap   total 524288K, used 110760K [0x0000000701800000, 0x0000000800000000)
  region size 2048K, 0 young (0K), 0 survivors (0K)
 Metaspace       used 110280K, committed 111104K, reserved 1179648K
  class space    used 16096K, committed 16512K, reserved 1048576K
}
Event: 2130.934 GC heap before
{Heap before GC invocations=266 (full 98):
 garbage-first heap   total 524288K, used 192680K [0x0000000701800000, 0x0000000800000000)
  region size 2048K, 40 young (81920K), 0 survivors (0K)
 Metaspace       used 110390K, committed 111168K, reserved 1179648K
  class space    used 16117K, committed 16512K, reserved 1048576K
}
Event: 2130.941 GC heap after
{Heap after GC invocations=267 (full 98):
 garbage-first heap   total 524288K, used 112803K [0x0000000701800000, 0x0000000800000000)
  region size 2048K, 1 young (2048K), 1 survivors (2048K)
 Metaspace       used 110390K, committed 111168K, reserved 1179648K
  class space    used 16117K, committed 16512K, reserved 1048576K
}
Event: 2141.363 GC heap before
{Heap before GC invocations=267 (full 98):
 garbage-first heap   total 524288K, used 192675K [0x0000000701800000, 0x0000000800000000)
  region size 2048K, 40 young (81920K), 1 survivors (2048K)
 Metaspace       used 110406K, committed 111232K, reserved 1179648K
  class space    used 16117K, committed 16512K, reserved 1048576K
}
Event: 2141.384 GC heap after
{Heap after GC invocations=268 (full 98):
 garbage-first heap   total 524288K, used 114983K [0x0000000701800000, 0x0000000800000000)
  region size 2048K, 3 young (6144K), 3 survivors (6144K)
 Metaspace       used 110406K, committed 111232K, reserved 1179648K
  class space    used 16117K, committed 16512K, reserved 1048576K
}
Event: 2171.816 GC heap before
{Heap before GC invocations=268 (full 98):
 garbage-first heap   total 524288K, used 190759K [0x0000000701800000, 0x0000000800000000)
  region size 2048K, 40 young (81920K), 3 survivors (6144K)
 Metaspace       used 110439K, committed 111296K, reserved 1179648K
  class space    used 16117K, committed 16512K, reserved 1048576K
}
Event: 2171.824 GC heap after
{Heap after GC invocations=269 (full 98):
 garbage-first heap   total 524288K, used 115614K [0x0000000701800000, 0x0000000800000000)
  region size 2048K, 3 young (6144K), 3 survivors (6144K)
 Metaspace       used 110439K, committed 111296K, reserved 1179648K
  class space    used 16117K, committed 16512K, reserved 1048576K
}
Event: 2192.579 GC heap before
{Heap before GC invocations=269 (full 98):
 garbage-first heap   total 524288K, used 191390K [0x0000000701800000, 0x0000000800000000)
  region size 2048K, 40 young (81920K), 3 survivors (6144K)
 Metaspace       used 110455K, committed 111296K, reserved 1179648K
  class space    used 16117K, committed 16512K, reserved 1048576K
}
Event: 2192.586 GC heap after
{Heap after GC invocations=270 (full 98):
 garbage-first heap   total 524288K, used 116285K [0x0000000701800000, 0x0000000800000000)
  region size 2048K, 3 young (6144K), 3 survivors (6144K)
 Metaspace       used 110455K, committed 111296K, reserved 1179648K
  class space    used 16117K, committed 16512K, reserved 1048576K
}

