# JRE version: OpenJDK Runtime Environment Temurin-17.0.7+7 (17.0.7+7) (build 17.0.7+7)
# Java VM: OpenJDK 64-Bit Server VM Temurin-17.0.7+7 (17.0.7+7, mixed mode, sharing, tiered, compressed oops, compressed class ptrs, g1 gc, windows-amd64)
GC Precious Log:
 CPUs: 8 total, 8 available
 Memory: 12037M
 Large Page Support: Disabled
 NUMA Support: Disabled
 Compressed Oops: Enabled (Zero based)
 Heap Region Size: 2M
 Heap Min Capacity: 512M
 Heap Initial Capacity: 512M
 Heap Max Capacity: 4072M
 Pre-touch: Disabled
 Parallel Workers: 8
 Concurrent Workers: 2
 Concurrent Refinement Workers: 8
 Periodic GC: Disabled
 String Deduplication is enabled
Heap:
 garbage-first heap   total 524288K, used 124443K [0x0000000701800000, 0x0000000800000000)
  region size 2048K, 21 young (43008K), 1 survivors (2048K)
 Metaspace       used 81666K, committed 82304K, reserved 1179648K
  class space    used 11087K, committed 11456K, reserved 1048576K
GC Heap History (20 events):
Event: 1085.852 GC heap before
{Heap before GC invocations=61 (full 3):
 garbage-first heap   total 524288K, used 164206K [0x0000000701800000, 0x0000000800000000)
  region size 2048K, 40 young (81920K), 1 survivors (2048K)
 Metaspace       used 81251K, committed 81984K, reserved 1179648K
  class space    used 11083K, committed 11456K, reserved 1048576K
}
Event: 1085.854 GC heap after
{Heap after GC invocations=62 (full 3):
 garbage-first heap   total 524288K, used 84791K [0x0000000701800000, 0x0000000800000000)
  region size 2048K, 1 young (2048K), 1 survivors (2048K)
 Metaspace       used 81251K, committed 81984K, reserved 1179648K
  class space    used 11083K, committed 11456K, reserved 1048576K
}
Event: 1105.500 GC heap before
{Heap before GC invocations=62 (full 3):
 garbage-first heap   total 524288K, used 164663K [0x0000000701800000, 0x0000000800000000)
  region size 2048K, 40 young (81920K), 1 survivors (2048K)
 Metaspace       used 81296K, committed 81984K, reserved 1179648K
  class space    used 11083K, committed 11456K, reserved 1048576K
}
Event: 1105.502 GC heap after
{Heap after GC invocations=63 (full 3):
 garbage-first heap   total 524288K, used 84948K [0x0000000701800000, 0x0000000800000000)
  region size 2048K, 1 young (2048K), 1 survivors (2048K)
 Metaspace       used 81296K, committed 81984K, reserved 1179648K
  class space    used 11083K, committed 11456K, reserved 1048576K
}
Event: 1108.521 GC heap before
{Heap before GC invocations=63 (full 3):
 garbage-first heap   total 524288K, used 164820K [0x0000000701800000, 0x0000000800000000)
  region size 2048K, 40 young (81920K), 1 survivors (2048K)
 Metaspace       used 81356K, committed 82048K, reserved 1179648K
  class space    used 11083K, committed 11456K, reserved 1048576K
}
Event: 1108.523 GC heap after
{Heap after GC invocations=64 (full 3):
 garbage-first heap   total 524288K, used 85184K [0x0000000701800000, 0x0000000800000000)
  region size 2048K, 1 young (2048K), 1 survivors (2048K)
 Metaspace       used 81356K, committed 82048K, reserved 1179648K
  class space    used 11083K, committed 11456K, reserved 1048576K
}
Event: 1133.578 GC heap before
{Heap before GC invocations=64 (full 3):
 garbage-first heap   total 524288K, used 165056K [0x0000000701800000, 0x0000000800000000)
  region size 2048K, 40 young (81920K), 1 survivors (2048K)
 Metaspace       used 81427K, committed 82112K, reserved 1179648K
  class space    used 11083K, committed 11456K, reserved 1048576K
}
Event: 1133.580 GC heap after
{Heap after GC invocations=65 (full 3):
 garbage-first heap   total 524288K, used 85362K [0x0000000701800000, 0x0000000800000000)
  region size 2048K, 1 young (2048K), 1 survivors (2048K)
 Metaspace       used 81427K, committed 82112K, reserved 1179648K
  class space    used 11083K, committed 11456K, reserved 1048576K
}
Event: 1137.489 GC heap before
{Heap before GC invocations=65 (full 3):
 garbage-first heap   total 524288K, used 165234K [0x0000000701800000, 0x0000000800000000)
  region size 2048K, 40 young (81920K), 1 survivors (2048K)
 Metaspace       used 81522K, committed 82176K, reserved 1179648K
  class space    used 11083K, committed 11456K, reserved 1048576K
}
Event: 1137.492 GC heap after
{Heap after GC invocations=66 (full 3):
 garbage-first heap   total 524288K, used 85693K [0x0000000701800000, 0x0000000800000000)
  region size 2048K, 1 young (2048K), 1 survivors (2048K)
 Metaspace       used 81522K, committed 82176K, reserved 1179648K
  class space    used 11083K, committed 11456K, reserved 1048576K
}
Event: 1145.534 GC heap before
{Heap before GC invocations=66 (full 3):
 garbage-first heap   total 524288K, used 165565K [0x0000000701800000, 0x0000000800000000)
  region size 2048K, 40 young (81920K), 1 survivors (2048K)
 Metaspace       used 81558K, committed 82240K, reserved 1179648K
  class space    used 11083K, committed 11456K, reserved 1048576K
}
Event: 1145.536 GC heap after
{Heap after GC invocations=67 (full 3):
 garbage-first heap   total 524288K, used 85691K [0x0000000701800000, 0x0000000800000000)
  region size 2048K, 1 young (2048K), 1 survivors (2048K)
 Metaspace       used 81558K, committed 82240K, reserved 1179648K
  class space    used 11083K, committed 11456K, reserved 1048576K
}
Event: 1147.488 GC heap before
{Heap before GC invocations=67 (full 3):
 garbage-first heap   total 524288K, used 165563K [0x0000000701800000, 0x0000000800000000)
  region size 2048K, 40 young (81920K), 1 survivors (2048K)
 Metaspace       used 81565K, committed 82304K, reserved 1179648K
  class space    used 11083K, committed 11456K, reserved 1048576K
}
Event: 1147.490 GC heap after
{Heap after GC invocations=68 (full 3):
 garbage-first heap   total 524288K, used 85649K [0x0000000701800000, 0x0000000800000000)
  region size 2048K, 1 young (2048K), 1 survivors (2048K)
 Metaspace       used 81565K, committed 82304K, reserved 1179648K
  class space    used 11083K, committed 11456K, reserved 1048576K
}
Event: 1168.233 GC heap before
{Heap before GC invocations=68 (full 3):
 garbage-first heap   total 524288K, used 165521K [0x0000000701800000, 0x0000000800000000)
  region size 2048K, 40 young (81920K), 1 survivors (2048K)
 Metaspace       used 81578K, committed 82304K, reserved 1179648K
  class space    used 11083K, committed 11456K, reserved 1048576K
}
Event: 1168.237 GC heap after
{Heap after GC invocations=69 (full 3):
 garbage-first heap   total 524288K, used 85517K [0x0000000701800000, 0x0000000800000000)
  region size 2048K, 1 young (2048K), 1 survivors (2048K)
 Metaspace       used 81578K, committed 82304K, reserved 1179648K
  class space    used 11083K, committed 11456K, reserved 1048576K
}
Event: 1204.874 GC heap before
{Heap before GC invocations=69 (full 3):
 garbage-first heap   total 524288K, used 165389K [0x0000000701800000, 0x0000000800000000)
  region size 2048K, 40 young (81920K), 1 survivors (2048K)
 Metaspace       used 81597K, committed 82304K, reserved 1179648K
  class space    used 11084K, committed 11456K, reserved 1048576K
}
Event: 1204.877 GC heap after
{Heap after GC invocations=70 (full 3):
 garbage-first heap   total 524288K, used 85461K [0x0000000701800000, 0x0000000800000000)
  region size 2048K, 1 young (2048K), 1 survivors (2048K)
 Metaspace       used 81597K, committed 82304K, reserved 1179648K
  class space    used 11084K, committed 11456K, reserved 1048576K
}
Event: 1224.498 GC heap before
{Heap before GC invocations=70 (full 3):
 garbage-first heap   total 524288K, used 165333K [0x0000000701800000, 0x0000000800000000)
  region size 2048K, 40 young (81920K), 1 survivors (2048K)
 Metaspace       used 81648K, committed 82304K, reserved 1179648K
  class space    used 11087K, committed 11456K, reserved 1048576K
}
Event: 1224.501 GC heap after
{Heap after GC invocations=71 (full 3):
 garbage-first heap   total 524288K, used 85531K [0x0000000701800000, 0x0000000800000000)
  region size 2048K, 1 young (2048K), 1 survivors (2048K)
 Metaspace       used 81648K, committed 82304K, reserved 1179648K
  class space    used 11087K, committed 11456K, reserved 1048576K
}

