# JRE version: OpenJDK Runtime Environment Temurin-17.0.7+7 (17.0.7+7) (build 17.0.7+7)
# Java VM: OpenJDK 64-Bit Server VM Temurin-17.0.7+7 (17.0.7+7, mixed mode, sharing, tiered, compressed oops, compressed class ptrs, g1 gc, windows-amd64)
GC Precious Log:
 CPUs: 8 total, 8 available
 Memory: 12037M
 Large Page Support: Disabled
 NUMA Support: Disabled
 Compressed Oops: Enabled (Zero based)
 Heap Region Size: 2M
 Heap Min Capacity: 512M
 Heap Initial Capacity: 512M
 Heap Max Capacity: 4072M
 Pre-touch: Disabled
 Parallel Workers: 8
 Concurrent Workers: 2
 Concurrent Refinement Workers: 8
 Periodic GC: Disabled
 String Deduplication is enabled
Heap:
 garbage-first heap   total 524288K, used 121522K [0x0000000701800000, 0x0000000800000000)
  region size 2048K, 18 young (36864K), 3 survivors (6144K)
 Metaspace       used 84406K, committed 85120K, reserved 1179648K
  class space    used 11536K, committed 11904K, reserved 1048576K
GC Heap History (20 events):
Event: 1161.455 GC heap before
{Heap before GC invocations=131 (full 3):
 garbage-first heap   total 524288K, used 166934K [0x0000000701800000, 0x0000000800000000)
  region size 2048K, 40 young (81920K), 3 survivors (6144K)
 Metaspace       used 84176K, committed 84864K, reserved 1179648K
  class space    used 11534K, committed 11904K, reserved 1048576K
}
Event: 1161.462 GC heap after
{Heap after GC invocations=132 (full 3):
 garbage-first heap   total 524288K, used 91593K [0x0000000701800000, 0x0000000800000000)
  region size 2048K, 3 young (6144K), 3 survivors (6144K)
 Metaspace       used 84176K, committed 84864K, reserved 1179648K
  class space    used 11534K, committed 11904K, reserved 1048576K
}
Event: 1179.241 GC heap before
{Heap before GC invocations=132 (full 3):
 garbage-first heap   total 524288K, used 167369K [0x0000000701800000, 0x0000000800000000)
  region size 2048K, 40 young (81920K), 3 survivors (6144K)
 Metaspace       used 84182K, committed 84864K, reserved 1179648K
  class space    used 11534K, committed 11904K, reserved 1048576K
}
Event: 1179.248 GC heap after
{Heap after GC invocations=133 (full 3):
 garbage-first heap   total 524288K, used 90695K [0x0000000701800000, 0x0000000800000000)
  region size 2048K, 3 young (6144K), 3 survivors (6144K)
 Metaspace       used 84182K, committed 84864K, reserved 1179648K
  class space    used 11534K, committed 11904K, reserved 1048576K
}
Event: 1211.437 GC heap before
{Heap before GC invocations=133 (full 3):
 garbage-first heap   total 524288K, used 166471K [0x0000000701800000, 0x0000000800000000)
  region size 2048K, 40 young (81920K), 3 survivors (6144K)
 Metaspace       used 84210K, committed 84864K, reserved 1179648K
  class space    used 11534K, committed 11904K, reserved 1048576K
}
Event: 1211.441 GC heap after
{Heap after GC invocations=134 (full 3):
 garbage-first heap   total 524288K, used 91434K [0x0000000701800000, 0x0000000800000000)
  region size 2048K, 3 young (6144K), 3 survivors (6144K)
 Metaspace       used 84210K, committed 84864K, reserved 1179648K
  class space    used 11534K, committed 11904K, reserved 1048576K
}
Event: 1213.476 GC heap before
{Heap before GC invocations=134 (full 3):
 garbage-first heap   total 524288K, used 167210K [0x0000000701800000, 0x0000000800000000)
  region size 2048K, 40 young (81920K), 3 survivors (6144K)
 Metaspace       used 84234K, committed 84928K, reserved 1179648K
  class space    used 11534K, committed 11904K, reserved 1048576K
}
Event: 1213.483 GC heap after
{Heap after GC invocations=135 (full 3):
 garbage-first heap   total 524288K, used 91696K [0x0000000701800000, 0x0000000800000000)
  region size 2048K, 3 young (6144K), 3 survivors (6144K)
 Metaspace       used 84234K, committed 84928K, reserved 1179648K
  class space    used 11534K, committed 11904K, reserved 1048576K
}
Event: 1229.852 GC heap before
{Heap before GC invocations=135 (full 3):
 garbage-first heap   total 524288K, used 167472K [0x0000000701800000, 0x0000000800000000)
  region size 2048K, 40 young (81920K), 3 survivors (6144K)
 Metaspace       used 84315K, committed 84992K, reserved 1179648K
  class space    used 11534K, committed 11904K, reserved 1048576K
}
Event: 1229.858 GC heap after
{Heap after GC invocations=136 (full 3):
 garbage-first heap   total 524288K, used 91751K [0x0000000701800000, 0x0000000800000000)
  region size 2048K, 3 young (6144K), 3 survivors (6144K)
 Metaspace       used 84315K, committed 84992K, reserved 1179648K
  class space    used 11534K, committed 11904K, reserved 1048576K
}
Event: 1260.425 GC heap before
{Heap before GC invocations=136 (full 3):
 garbage-first heap   total 524288K, used 167527K [0x0000000701800000, 0x0000000800000000)
  region size 2048K, 40 young (81920K), 3 survivors (6144K)
 Metaspace       used 84316K, committed 84992K, reserved 1179648K
  class space    used 11534K, committed 11904K, reserved 1048576K
}
Event: 1260.431 GC heap after
{Heap after GC invocations=137 (full 3):
 garbage-first heap   total 524288K, used 91786K [0x0000000701800000, 0x0000000800000000)
  region size 2048K, 3 young (6144K), 3 survivors (6144K)
 Metaspace       used 84316K, committed 84992K, reserved 1179648K
  class space    used 11534K, committed 11904K, reserved 1048576K
}
Event: 1262.620 GC heap before
{Heap before GC invocations=137 (full 3):
 garbage-first heap   total 524288K, used 167562K [0x0000000701800000, 0x0000000800000000)
  region size 2048K, 40 young (81920K), 3 survivors (6144K)
 Metaspace       used 84360K, committed 85120K, reserved 1179648K
  class space    used 11535K, committed 11904K, reserved 1048576K
}
Event: 1262.625 GC heap after
{Heap after GC invocations=138 (full 3):
 garbage-first heap   total 524288K, used 92360K [0x0000000701800000, 0x0000000800000000)
  region size 2048K, 3 young (6144K), 3 survivors (6144K)
 Metaspace       used 84360K, committed 85120K, reserved 1179648K
  class space    used 11535K, committed 11904K, reserved 1048576K
}
Event: 1277.470 GC heap before
{Heap before GC invocations=138 (full 3):
 garbage-first heap   total 524288K, used 168136K [0x0000000701800000, 0x0000000800000000)
  region size 2048K, 40 young (81920K), 3 survivors (6144K)
 Metaspace       used 84388K, committed 85120K, reserved 1179648K
  class space    used 11536K, committed 11904K, reserved 1048576K
}
Event: 1277.475 GC heap after
{Heap after GC invocations=139 (full 3):
 garbage-first heap   total 524288K, used 92380K [0x0000000701800000, 0x0000000800000000)
  region size 2048K, 3 young (6144K), 3 survivors (6144K)
 Metaspace       used 84388K, committed 85120K, reserved 1179648K
  class space    used 11536K, committed 11904K, reserved 1048576K
}
Event: 1321.392 GC heap before
{Heap before GC invocations=139 (full 3):
 garbage-first heap   total 524288K, used 168156K [0x0000000701800000, 0x0000000800000000)
  region size 2048K, 40 young (81920K), 3 survivors (6144K)
 Metaspace       used 84397K, committed 85120K, reserved 1179648K
  class space    used 11536K, committed 11904K, reserved 1048576K
}
Event: 1321.409 GC heap after
{Heap after GC invocations=140 (full 3):
 garbage-first heap   total 524288K, used 92665K [0x0000000701800000, 0x0000000800000000)
  region size 2048K, 3 young (6144K), 3 survivors (6144K)
 Metaspace       used 84397K, committed 85120K, reserved 1179648K
  class space    used 11536K, committed 11904K, reserved 1048576K
}
Event: 1383.515 GC heap before
{Heap before GC invocations=140 (full 3):
 garbage-first heap   total 524288K, used 168441K [0x0000000701800000, 0x0000000800000000)
  region size 2048K, 40 young (81920K), 3 survivors (6144K)
 Metaspace       used 84404K, committed 85120K, reserved 1179648K
  class space    used 11536K, committed 11904K, reserved 1048576K
}
Event: 1383.520 GC heap after
{Heap after GC invocations=141 (full 3):
 garbage-first heap   total 524288K, used 92850K [0x0000000701800000, 0x0000000800000000)
  region size 2048K, 3 young (6144K), 3 survivors (6144K)
 Metaspace       used 84404K, committed 85120K, reserved 1179648K
  class space    used 11536K, committed 11904K, reserved 1048576K
}

